2025-09-21 13:42:45.395 [,,] [main] WARN  c.a.n.client.logging.NacosLogging - [loadConfiguration,64] - Load Logback Configuration of Nacos fail, message: Could not initialize Logback Nacos logging from classpath:nacos-logback.xml
2025-09-21 13:42:45.402 [,,] [background-preinit] INFO  o.h.validator.internal.util.Version - [<clinit>,21] - HV000001: Hibernate Validator 8.0.1.Final
2025-09-21 13:42:45.442 [,,] [main] WARN  c.a.n.client.logging.NacosLogging - [loadConfiguration,64] - Load Logback Configuration of Nacos fail, message: Could not initialize Logback Nacos logging from classpath:nacos-logback.xml
2025-09-21 13:42:45.643 [,,] [main] WARN  c.a.n.client.logging.NacosLogging - [loadConfiguration,64] - Load Logback Configuration of Nacos fail, message: Could not initialize Logback Nacos logging from classpath:nacos-logback.xml
2025-09-21 13:42:45.647 [,,] [main] INFO  c.a.nacos.client.utils.ParamUtil - [<clinit>,87] - [settings] [req-serv] nacos-server port:8848
2025-09-21 13:42:45.647 [,,] [main] INFO  c.a.nacos.client.utils.ParamUtil - [<clinit>,98] - [settings] [http-client] connect timeout:1000
2025-09-21 13:42:45.648 [,,] [main] INFO  c.a.nacos.client.utils.ParamUtil - [<clinit>,105] - PER_TASK_CONFIG_SIZE: 3000.0
2025-09-21 13:42:45.676 [,,] [main] INFO  c.a.n.p.a.s.c.ClientAuthPluginManager - [init,56] - [ClientAuthPluginManager] Load ClientAuthService com.alibaba.nacos.client.auth.impl.NacosClientAuthServiceImpl success.
2025-09-21 13:42:45.677 [,,] [main] INFO  c.a.n.p.a.s.c.ClientAuthPluginManager - [init,56] - [ClientAuthPluginManager] Load ClientAuthService com.alibaba.nacos.client.auth.ram.RamClientAuthServiceImpl success.
2025-09-21 13:42:45.680 [,,] [main] INFO  c.a.n.c.a.r.i.CredentialWatcher - [loadCredential,165] - null No credential found
2025-09-21 13:42:45.802 [,,] [main] WARN  c.a.n.client.logging.NacosLogging - [loadConfiguration,64] - Load Logback Configuration of Nacos fail, message: Could not initialize Logback Nacos logging from classpath:nacos-logback.xml
2025-09-21 13:42:45.811 [,,] [main] INFO  c.a.n.c.c.i.LocalConfigInfoProcessor - [<clinit>,63] - LOCAL_SNAPSHOT_PATH:C:\Users\Administrator\nacos\config
2025-09-21 13:42:45.814 [,,] [main] INFO  c.alibaba.nacos.common.remote.client - [lambda$createClient$0,108] - [RpcClientFactory] create a new rpc client of 6f987697-6a04-4dd0-9ebf-6f4509e121f3_config-0
2025-09-21 13:42:45.825 [,,] [main] INFO  c.alibaba.nacos.common.remote.client - [printIfInfoEnabled,63] - [6f987697-6a04-4dd0-9ebf-6f4509e121f3_config-0] Register server push request handler:com.alibaba.nacos.client.config.impl.ClientWorker$ConfigRpcTransportClient$$Lambda$571/0x000001a5c539b3e0
2025-09-21 13:42:45.825 [,,] [main] INFO  c.alibaba.nacos.common.remote.client - [printIfInfoEnabled,63] - [6f987697-6a04-4dd0-9ebf-6f4509e121f3_config-0] Register server push request handler:com.alibaba.nacos.client.config.impl.ClientWorker$ConfigRpcTransportClient$$Lambda$572/0x000001a5c539b800
2025-09-21 13:42:45.826 [,,] [main] INFO  c.alibaba.nacos.common.remote.client - [printIfInfoEnabled,63] - [6f987697-6a04-4dd0-9ebf-6f4509e121f3_config-0] Registry connection listener to current client:com.alibaba.nacos.client.config.impl.ClientWorker$ConfigRpcTransportClient$1
2025-09-21 13:42:45.826 [,,] [main] INFO  c.alibaba.nacos.common.remote.client - [printIfInfoEnabled,63] - [6f987697-6a04-4dd0-9ebf-6f4509e121f3_config-0] RpcClient init, ServerListFactory = com.alibaba.nacos.client.config.impl.ClientWorker$ConfigRpcTransportClient$2
2025-09-21 13:42:45.831 [,,] [main] INFO  c.alibaba.nacos.common.remote.client - [printIfInfoEnabled,63] - [6f987697-6a04-4dd0-9ebf-6f4509e121f3_config-0] Try to connect to server on start up, server: {serverIp = '124.222.25.145', server main port = 8884}
2025-09-21 13:42:45.857 [,,] [main] INFO  c.a.n.c.r.client.grpc.GrpcClient - [createNewManagedChannel,182] - grpc client connection server:124.222.25.145 ip,serverPort:9884,grpcTslConfig:{"sslProvider":"OPENSSL","enableTls":false,"mutualAuthEnable":false,"trustAll":false}
2025-09-21 13:42:49.225 [,,] [main] INFO  c.alibaba.nacos.common.remote.client - [printIfInfoEnabled,63] - [6f987697-6a04-4dd0-9ebf-6f4509e121f3_config-0] Try to connect to server on start up, server: {serverIp = '124.222.25.145', server main port = 8884}
2025-09-21 13:42:49.225 [,,] [main] INFO  c.a.n.c.r.client.grpc.GrpcClient - [createNewManagedChannel,182] - grpc client connection server:124.222.25.145 ip,serverPort:9884,grpcTslConfig:{"sslProvider":"OPENSSL","enableTls":false,"mutualAuthEnable":false,"trustAll":false}
2025-09-21 13:42:52.238 [,,] [main] INFO  c.alibaba.nacos.common.remote.client - [printIfInfoEnabled,63] - [6f987697-6a04-4dd0-9ebf-6f4509e121f3_config-0] Try to connect to server on start up, server: {serverIp = '124.222.25.145', server main port = 8884}
2025-09-21 13:42:52.239 [,,] [main] INFO  c.a.n.c.r.client.grpc.GrpcClient - [createNewManagedChannel,182] - grpc client connection server:124.222.25.145 ip,serverPort:9884,grpcTslConfig:{"sslProvider":"OPENSSL","enableTls":false,"mutualAuthEnable":false,"trustAll":false}
2025-09-21 13:42:55.250 [,,] [com.alibaba.nacos.client.remote.worker] INFO  c.alibaba.nacos.common.remote.client - [printIfInfoEnabled,63] - [6f987697-6a04-4dd0-9ebf-6f4509e121f3_config-0] Try to reconnect to a new server, server is  not appointed, will choose a random server.
2025-09-21 13:42:55.251 [,,] [com.alibaba.nacos.client.remote.worker] INFO  c.a.n.c.r.client.grpc.GrpcClient - [createNewManagedChannel,182] - grpc client connection server:124.222.25.145 ip,serverPort:9884,grpcTslConfig:{"sslProvider":"OPENSSL","enableTls":false,"mutualAuthEnable":false,"trustAll":false}
2025-09-21 13:42:55.251 [,,] [main] INFO  c.alibaba.nacos.common.remote.client - [printIfInfoEnabled,63] - [6f987697-6a04-4dd0-9ebf-6f4509e121f3_config-0] Register server push request handler:com.alibaba.nacos.common.remote.client.RpcClient$ConnectResetRequestHandler
2025-09-21 13:42:55.252 [,,] [main] INFO  c.alibaba.nacos.common.remote.client - [printIfInfoEnabled,63] - [6f987697-6a04-4dd0-9ebf-6f4509e121f3_config-0] Register server push request handler:com.alibaba.nacos.common.remote.client.RpcClient$$Lambda$606/0x000001a5c5515098
2025-09-21 13:42:55.293 [,,] [main] INFO  c.a.nacos.client.config.impl.Limiter - [<clinit>,62] - limitTime:5.0
2025-09-21 13:42:55.622 [,,] [main] WARN  c.a.n.c.config.NacosConfigService - [getConfigInner,195] - [fixed-dev-124.222.25.145_8884] [get-config] get from server error, dataId=gruul-mall-gateway, group=DEFAULT_GROUP, tenant=dev, msg=ErrCode:-401, ErrMsg:Client not connected, current status:STARTING
2025-09-21 13:42:55.624 [,,] [main] WARN  c.a.c.n.c.NacosPropertySourceBuilder - [loadNacosData,87] - Ignore the empty nacos configuration and get it based on dataId[gruul-mall-gateway] & group[DEFAULT_GROUP]
2025-09-21 13:42:55.949 [,,] [main] WARN  c.a.n.c.config.NacosConfigService - [getConfigInner,195] - [fixed-dev-124.222.25.145_8884] [get-config] get from server error, dataId=gruul-mall-gateway.yml, group=DEFAULT_GROUP, tenant=dev, msg=ErrCode:-401, ErrMsg:Client not connected, current status:STARTING
2025-09-21 13:42:55.950 [,,] [main] WARN  c.a.c.n.c.NacosPropertySourceBuilder - [loadNacosData,87] - Ignore the empty nacos configuration and get it based on dataId[gruul-mall-gateway.yml] & group[DEFAULT_GROUP]
2025-09-21 13:42:56.276 [,,] [main] WARN  c.a.n.c.config.NacosConfigService - [getConfigInner,195] - [fixed-dev-124.222.25.145_8884] [get-config] get from server error, dataId=gruul-mall-gateway-dev.yml, group=DEFAULT_GROUP, tenant=dev, msg=ErrCode:-401, ErrMsg:Client not connected, current status:STARTING
2025-09-21 13:42:56.276 [,,] [main] WARN  c.a.c.n.c.NacosPropertySourceBuilder - [loadNacosData,87] - Ignore the empty nacos configuration and get it based on dataId[gruul-mall-gateway-dev.yml] & group[DEFAULT_GROUP]
2025-09-21 13:42:56.277 [,,] [main] INFO  o.s.c.b.c.PropertySourceBootstrapConfiguration - [doInitialize,134] - Located property source: [BootstrapPropertySource {name='bootstrapProperties-gruul-mall-gateway-dev.yml,DEFAULT_GROUP'}, BootstrapPropertySource {name='bootstrapProperties-gruul-mall-gateway.yml,DEFAULT_GROUP'}, BootstrapPropertySource {name='bootstrapProperties-gruul-mall-gateway,DEFAULT_GROUP'}]
2025-09-21 13:42:56.284 [,,] [main] WARN  c.a.n.client.logging.NacosLogging - [loadConfiguration,64] - Load Logback Configuration of Nacos fail, message: Could not initialize Logback Nacos logging from classpath:nacos-logback.xml
2025-09-21 13:42:56.285 [,,] [main] INFO  c.m.g.m.s.gateway.GatewayApplication - [logStartupProfileInfo,644] - The following 1 profile is active: "dev"
2025-09-21 13:42:56.688 [,,] [main] INFO  o.s.cloud.context.scope.GenericScope - [setSerializationId,282] - BeanFactory id=fd27488e-028e-3c19-b748-1858a113ce04
2025-09-21 13:42:56.825 [,,] [main] INFO  o.s.c.s.PostProcessorRegistrationDelegate$BeanPostProcessorChecker - [postProcessAfterInitialization,409] - Bean 'org.springframework.cloud.client.loadbalancer.reactive.LoadBalancerBeanPostProcessorAutoConfiguration' of type [org.springframework.cloud.client.loadbalancer.reactive.LoadBalancerBeanPostProcessorAutoConfiguration] is not eligible for getting processed by all BeanPostProcessors (for example: not eligible for auto-proxying)
2025-09-21 13:42:56.826 [,,] [main] INFO  o.s.c.s.PostProcessorRegistrationDelegate$BeanPostProcessorChecker - [postProcessAfterInitialization,409] - Bean 'org.springframework.cloud.client.loadbalancer.reactive.LoadBalancerBeanPostProcessorAutoConfiguration$ReactorDeferringLoadBalancerFilterConfig' of type [org.springframework.cloud.client.loadbalancer.reactive.LoadBalancerBeanPostProcessorAutoConfiguration$ReactorDeferringLoadBalancerFilterConfig] is not eligible for getting processed by all BeanPostProcessors (for example: not eligible for auto-proxying)
2025-09-21 13:42:56.828 [,,] [main] INFO  o.s.c.s.PostProcessorRegistrationDelegate$BeanPostProcessorChecker - [postProcessAfterInitialization,409] - Bean 'reactorDeferringLoadBalancerExchangeFilterFunction' of type [org.springframework.cloud.client.loadbalancer.reactive.DeferringLoadBalancerExchangeFilterFunction] is not eligible for getting processed by all BeanPostProcessors (for example: not eligible for auto-proxying)
2025-09-21 13:42:57.404 [,,] [main] INFO  o.s.c.g.r.RouteDefinitionRouteLocator - [lambda$initFactories$1,89] - Loaded RoutePredicateFactory [After]
2025-09-21 13:42:57.404 [,,] [main] INFO  o.s.c.g.r.RouteDefinitionRouteLocator - [lambda$initFactories$1,89] - Loaded RoutePredicateFactory [Before]
2025-09-21 13:42:57.404 [,,] [main] INFO  o.s.c.g.r.RouteDefinitionRouteLocator - [lambda$initFactories$1,89] - Loaded RoutePredicateFactory [Between]
2025-09-21 13:42:57.404 [,,] [main] INFO  o.s.c.g.r.RouteDefinitionRouteLocator - [lambda$initFactories$1,89] - Loaded RoutePredicateFactory [Cookie]
2025-09-21 13:42:57.404 [,,] [main] INFO  o.s.c.g.r.RouteDefinitionRouteLocator - [lambda$initFactories$1,89] - Loaded RoutePredicateFactory [Header]
2025-09-21 13:42:57.404 [,,] [main] INFO  o.s.c.g.r.RouteDefinitionRouteLocator - [lambda$initFactories$1,89] - Loaded RoutePredicateFactory [Host]
2025-09-21 13:42:57.404 [,,] [main] INFO  o.s.c.g.r.RouteDefinitionRouteLocator - [lambda$initFactories$1,89] - Loaded RoutePredicateFactory [Method]
2025-09-21 13:42:57.404 [,,] [main] INFO  o.s.c.g.r.RouteDefinitionRouteLocator - [lambda$initFactories$1,89] - Loaded RoutePredicateFactory [Path]
2025-09-21 13:42:57.404 [,,] [main] INFO  o.s.c.g.r.RouteDefinitionRouteLocator - [lambda$initFactories$1,89] - Loaded RoutePredicateFactory [Query]
2025-09-21 13:42:57.404 [,,] [main] INFO  o.s.c.g.r.RouteDefinitionRouteLocator - [lambda$initFactories$1,89] - Loaded RoutePredicateFactory [ReadBody]
2025-09-21 13:42:57.404 [,,] [main] INFO  o.s.c.g.r.RouteDefinitionRouteLocator - [lambda$initFactories$1,89] - Loaded RoutePredicateFactory [RemoteAddr]
2025-09-21 13:42:57.405 [,,] [main] INFO  o.s.c.g.r.RouteDefinitionRouteLocator - [lambda$initFactories$1,89] - Loaded RoutePredicateFactory [XForwardedRemoteAddr]
2025-09-21 13:42:57.405 [,,] [main] INFO  o.s.c.g.r.RouteDefinitionRouteLocator - [lambda$initFactories$1,89] - Loaded RoutePredicateFactory [Weight]
2025-09-21 13:42:57.405 [,,] [main] INFO  o.s.c.g.r.RouteDefinitionRouteLocator - [lambda$initFactories$1,89] - Loaded RoutePredicateFactory [CloudFoundryRouteService]
2025-09-21 13:42:57.416 [,,] [main] INFO  c.a.c.s.g.s.SentinelSCGAutoConfiguration - [sentinelGatewayFilter,143] - [Sentinel SpringCloudGateway] register SentinelGatewayFilter with order: -2147483648
2025-09-21 13:42:57.493 [,,] [main] INFO  c.a.c.s.g.s.SentinelSCGAutoConfiguration - [sentinelGatewayBlockExceptionHandler,133] - [Sentinel SpringCloudGateway] register SentinelGatewayBlockExceptionHandler
2025-09-21 13:42:57.684 [,,] [main] INFO  o.s.b.w.e.netty.NettyWebServer - [start,111] - Netty started on port 9999
2025-09-21 13:42:57.802 [,,] [main] INFO  com.alibaba.nacos.client.naming - [initNamespaceForNaming,62] - initializer namespace from ans.namespace attribute : null
2025-09-21 13:42:57.803 [,,] [main] INFO  com.alibaba.nacos.client.naming - [lambda$initNamespaceForNaming$0,66] - initializer namespace from ALIBABA_ALIWARE_NAMESPACE attribute :null
2025-09-21 13:42:57.803 [,,] [main] INFO  com.alibaba.nacos.client.naming - [lambda$initNamespaceForNaming$1,73] - initializer namespace from namespace attribute :null
2025-09-21 13:42:57.810 [,,] [main] INFO  c.a.n.p.a.s.c.ClientAuthPluginManager - [init,56] - [ClientAuthPluginManager] Load ClientAuthService com.alibaba.nacos.client.auth.impl.NacosClientAuthServiceImpl success.
2025-09-21 13:42:57.810 [,,] [main] INFO  c.a.n.p.a.s.c.ClientAuthPluginManager - [init,56] - [ClientAuthPluginManager] Load ClientAuthService com.alibaba.nacos.client.auth.ram.RamClientAuthServiceImpl success.
2025-09-21 13:42:57.813 [,,] [main] INFO  c.alibaba.nacos.common.remote.client - [lambda$createClient$0,108] - [RpcClientFactory] create a new rpc client of a7840e7e-71b4-4801-897f-0ac92312670e
2025-09-21 13:42:57.814 [,,] [main] INFO  c.alibaba.nacos.common.remote.client - [printIfInfoEnabled,63] - [a7840e7e-71b4-4801-897f-0ac92312670e] RpcClient init, ServerListFactory = com.alibaba.nacos.client.naming.core.ServerListManager
2025-09-21 13:42:57.815 [,,] [main] INFO  c.alibaba.nacos.common.remote.client - [printIfInfoEnabled,63] - [a7840e7e-71b4-4801-897f-0ac92312670e] Registry connection listener to current client:com.alibaba.nacos.client.naming.remote.gprc.redo.NamingGrpcRedoService
2025-09-21 13:42:57.815 [,,] [main] INFO  c.alibaba.nacos.common.remote.client - [printIfInfoEnabled,63] - [a7840e7e-71b4-4801-897f-0ac92312670e] Register server push request handler:com.alibaba.nacos.client.naming.remote.gprc.NamingPushRequestHandler
2025-09-21 13:42:57.815 [,,] [main] INFO  c.alibaba.nacos.common.remote.client - [printIfInfoEnabled,63] - [a7840e7e-71b4-4801-897f-0ac92312670e] Try to connect to server on start up, server: {serverIp = '124.222.25.145', server main port = 8884}
2025-09-21 13:42:57.815 [,,] [main] INFO  c.a.n.c.r.client.grpc.GrpcClient - [createNewManagedChannel,182] - grpc client connection server:124.222.25.145 ip,serverPort:9884,grpcTslConfig:{"sslProvider":"OPENSSL","enableTls":false,"mutualAuthEnable":false,"trustAll":false}
2025-09-21 13:42:58.365 [,,] [com.alibaba.nacos.client.remote.worker] INFO  c.a.n.c.r.client.grpc.GrpcClient - [createNewManagedChannel,182] - grpc client connection server:124.222.25.145 ip,serverPort:9884,grpcTslConfig:{"sslProvider":"OPENSSL","enableTls":false,"mutualAuthEnable":false,"trustAll":false}
2025-09-21 13:43:00.815 [,,] [com.alibaba.nacos.client.naming.grpc.redo.0] WARN  com.alibaba.nacos.client.naming - [run,47] - Grpc Connection is disconnect, skip current redo task
2025-09-21 13:43:00.832 [,,] [main] INFO  c.alibaba.nacos.common.remote.client - [printIfInfoEnabled,63] - [a7840e7e-71b4-4801-897f-0ac92312670e] Try to connect to server on start up, server: {serverIp = '124.222.25.145', server main port = 8884}
2025-09-21 13:43:00.833 [,,] [main] INFO  c.a.n.c.r.client.grpc.GrpcClient - [createNewManagedChannel,182] - grpc client connection server:124.222.25.145 ip,serverPort:9884,grpcTslConfig:{"sslProvider":"OPENSSL","enableTls":false,"mutualAuthEnable":false,"trustAll":false}
2025-09-21 13:43:01.378 [,,] [com.alibaba.nacos.client.remote.worker] INFO  c.alibaba.nacos.common.remote.client - [printIfInfoEnabled,63] - [6f987697-6a04-4dd0-9ebf-6f4509e121f3_config-0] Fail to connect server, after trying 1 times, last try server is {serverIp = '124.222.25.145', server main port = 8884}, error = unknown
2025-09-21 13:43:01.581 [,,] [com.alibaba.nacos.client.remote.worker] INFO  c.a.n.c.r.client.grpc.GrpcClient - [createNewManagedChannel,182] - grpc client connection server:124.222.25.145 ip,serverPort:9884,grpcTslConfig:{"sslProvider":"OPENSSL","enableTls":false,"mutualAuthEnable":false,"trustAll":false}
2025-09-21 13:43:03.827 [,,] [com.alibaba.nacos.client.naming.grpc.redo.0] WARN  com.alibaba.nacos.client.naming - [run,47] - Grpc Connection is disconnect, skip current redo task
2025-09-21 13:43:03.844 [,,] [main] INFO  c.alibaba.nacos.common.remote.client - [printIfInfoEnabled,63] - [a7840e7e-71b4-4801-897f-0ac92312670e] Try to connect to server on start up, server: {serverIp = '124.222.25.145', server main port = 8884}
2025-09-21 13:43:03.844 [,,] [main] INFO  c.a.n.c.r.client.grpc.GrpcClient - [createNewManagedChannel,182] - grpc client connection server:124.222.25.145 ip,serverPort:9884,grpcTslConfig:{"sslProvider":"OPENSSL","enableTls":false,"mutualAuthEnable":false,"trustAll":false}
2025-09-21 13:43:04.589 [,,] [com.alibaba.nacos.client.remote.worker] INFO  c.alibaba.nacos.common.remote.client - [printIfInfoEnabled,63] - [6f987697-6a04-4dd0-9ebf-6f4509e121f3_config-0] Fail to connect server, after trying 2 times, last try server is {serverIp = '124.222.25.145', server main port = 8884}, error = unknown
2025-09-21 13:43:04.899 [,,] [com.alibaba.nacos.client.remote.worker] INFO  c.a.n.c.r.client.grpc.GrpcClient - [createNewManagedChannel,182] - grpc client connection server:124.222.25.145 ip,serverPort:9884,grpcTslConfig:{"sslProvider":"OPENSSL","enableTls":false,"mutualAuthEnable":false,"trustAll":false}
2025-09-21 13:43:06.834 [,,] [com.alibaba.nacos.client.naming.grpc.redo.0] WARN  com.alibaba.nacos.client.naming - [run,47] - Grpc Connection is disconnect, skip current redo task
2025-09-21 13:43:06.851 [,,] [main] INFO  c.alibaba.nacos.common.remote.client - [printIfInfoEnabled,63] - [a7840e7e-71b4-4801-897f-0ac92312670e] Register server push request handler:com.alibaba.nacos.common.remote.client.RpcClient$ConnectResetRequestHandler
2025-09-21 13:43:06.851 [,,] [com.alibaba.nacos.client.remote.worker] INFO  c.alibaba.nacos.common.remote.client - [printIfInfoEnabled,63] - [a7840e7e-71b4-4801-897f-0ac92312670e] Try to reconnect to a new server, server is  not appointed, will choose a random server.
2025-09-21 13:43:06.851 [,,] [main] INFO  c.alibaba.nacos.common.remote.client - [printIfInfoEnabled,63] - [a7840e7e-71b4-4801-897f-0ac92312670e] Register server push request handler:com.alibaba.nacos.common.remote.client.RpcClient$$Lambda$606/0x000001a5c5515098
2025-09-21 13:43:06.852 [,,] [com.alibaba.nacos.client.remote.worker] INFO  c.a.n.c.r.client.grpc.GrpcClient - [createNewManagedChannel,182] - grpc client connection server:124.222.25.145 ip,serverPort:9884,grpcTslConfig:{"sslProvider":"OPENSSL","enableTls":false,"mutualAuthEnable":false,"trustAll":false}
2025-09-21 13:43:06.853 [,,] [main] INFO  com.alibaba.nacos.client.naming - [registerService,121] - [REGISTER-SERVICE] dev registering service gruul-mall-gateway with instance Instance{instanceId='null', ip='192.168.1.129', port=9999, weight=1.0, healthy=true, enabled=true, ephemeral=true, clusterName='DEFAULT', serviceName='null', metadata={preserved.register.source=SPRING_CLOUD}}
2025-09-21 13:43:07.187 [,,] [main] WARN  o.s.b.w.r.c.AnnotationConfigReactiveWebServerApplicationContext - [refresh,624] - Exception encountered during context initialization - cancelling refresh attempt: org.springframework.context.ApplicationContextException: Failed to start bean 'webServerStartStop'
2025-09-21 13:43:07.188 [,,] [main] INFO  com.alibaba.nacos.client.naming - [shutdown,256] - com.alibaba.nacos.client.naming.cache.ServiceInfoHolder do shutdown begin
2025-09-21 13:43:07.189 [,,] [main] INFO  com.alibaba.nacos.client.naming - [shutdown,136] - com.alibaba.nacos.client.naming.backups.FailoverReactor do shutdown begin
2025-09-21 13:43:07.523 [,,] [main] INFO  com.alibaba.nacos.client.naming - [shutdown,138] - com.alibaba.nacos.client.naming.backups.FailoverReactor do shutdown stop
2025-09-21 13:43:07.524 [,,] [main] INFO  com.alibaba.nacos.client.naming - [shutdown,258] - com.alibaba.nacos.client.naming.cache.ServiceInfoHolder do shutdown stop
2025-09-21 13:43:07.524 [,,] [main] INFO  com.alibaba.nacos.client.naming - [shutdown,204] - com.alibaba.nacos.client.naming.remote.NamingClientProxyDelegate do shutdown begin
2025-09-21 13:43:07.524 [,,] [main] INFO  com.alibaba.nacos.client.naming - [shutdown,143] - com.alibaba.nacos.client.naming.core.ServiceInfoUpdateService do shutdown begin
2025-09-21 13:43:07.524 [,,] [main] INFO  com.alibaba.nacos.client.naming - [shutdown,145] - com.alibaba.nacos.client.naming.core.ServiceInfoUpdateService do shutdown stop
2025-09-21 13:43:07.524 [,,] [main] INFO  com.alibaba.nacos.client.naming - [shutdown,194] - com.alibaba.nacos.client.naming.core.ServerListManager do shutdown begin
2025-09-21 13:43:07.524 [,,] [main] WARN  com.alibaba.nacos.client.naming - [shutdown,74] - [NamingHttpClientManager] Start destroying NacosRestTemplate
2025-09-21 13:43:07.524 [,,] [main] WARN  com.alibaba.nacos.client.naming - [shutdown,81] - [NamingHttpClientManager] Destruction of the end
2025-09-21 13:43:07.524 [,,] [main] INFO  com.alibaba.nacos.client.naming - [shutdown,199] - com.alibaba.nacos.client.naming.core.ServerListManager do shutdown stop
2025-09-21 13:43:07.524 [,,] [main] INFO  com.alibaba.nacos.client.naming - [shutdown,484] - com.alibaba.nacos.client.naming.remote.http.NamingHttpClientProxy do shutdown begin
2025-09-21 13:43:07.525 [,,] [main] WARN  com.alibaba.nacos.client.naming - [shutdown,74] - [NamingHttpClientManager] Start destroying NacosRestTemplate
2025-09-21 13:43:07.525 [,,] [main] WARN  com.alibaba.nacos.client.naming - [shutdown,81] - [NamingHttpClientManager] Destruction of the end
2025-09-21 13:43:07.525 [,,] [main] INFO  com.alibaba.nacos.client.naming - [shutdown,486] - com.alibaba.nacos.client.naming.remote.http.NamingHttpClientProxy do shutdown stop
2025-09-21 13:43:07.525 [,,] [main] INFO  c.alibaba.nacos.common.remote.client - [shutdown,429] - Shutdown rpc client, set status to shutdown
2025-09-21 13:43:07.525 [,,] [main] INFO  c.alibaba.nacos.common.remote.client - [shutdown,431] - Shutdown client event executor java.util.concurrent.ScheduledThreadPoolExecutor@dd77e0d[Running, pool size = 2, active threads = 2, queued tasks = 0, completed tasks = 0]
2025-09-21 13:43:07.525 [,,] [main] INFO  c.a.n.c.r.client.grpc.GrpcClient - [shutdown,159] - Shutdown grpc executor java.util.concurrent.ThreadPoolExecutor@799cf32d[Running, pool size = 11, active threads = 0, queued tasks = 0, completed tasks = 11]
2025-09-21 13:43:07.526 [,,] [main] INFO  com.alibaba.nacos.client.naming - [shutdown,318] - Shutdown grpc redo service executor java.util.concurrent.ScheduledThreadPoolExecutor@331ad6eb[Running, pool size = 1, active threads = 0, queued tasks = 1, completed tasks = 3]
2025-09-21 13:43:07.527 [,,] [main] INFO  c.a.n.c.a.r.i.CredentialWatcher - [stop,106] - [null] CredentialWatcher is stopped
2025-09-21 13:43:07.528 [,,] [main] INFO  c.a.n.c.a.r.i.CredentialService - [free,100] - [null] CredentialService is freed
2025-09-21 13:43:07.528 [,,] [main] INFO  com.alibaba.nacos.client.naming - [shutdown,211] - com.alibaba.nacos.client.naming.remote.NamingClientProxyDelegate do shutdown stop
2025-09-21 13:43:07.632 [,,] [com.alibaba.nacos.client.remote.worker] INFO  c.alibaba.nacos.common.remote.client - [printIfInfoEnabled,63] - [a7840e7e-71b4-4801-897f-0ac92312670e] Client is shutdown, stop reconnect to server
2025-09-21 13:43:07.915 [,,] [com.alibaba.nacos.client.remote.worker] INFO  c.alibaba.nacos.common.remote.client - [printIfInfoEnabled,63] - [6f987697-6a04-4dd0-9ebf-6f4509e121f3_config-0] Fail to connect server, after trying 3 times, last try server is {serverIp = '124.222.25.145', server main port = 8884}, error = unknown
2025-09-21 13:43:08.321 [,,] [com.alibaba.nacos.client.remote.worker] INFO  c.a.n.c.r.client.grpc.GrpcClient - [createNewManagedChannel,182] - grpc client connection server:124.222.25.145 ip,serverPort:9884,grpcTslConfig:{"sslProvider":"OPENSSL","enableTls":false,"mutualAuthEnable":false,"trustAll":false}
2025-09-21 13:43:09.631 [,,] [main] INFO  o.s.b.a.l.ConditionEvaluationReportLogger - [logMessage,82] - 

Error starting ApplicationContext. To display the condition evaluation report re-run your application with 'debug' enabled.
2025-09-21 13:43:09.650 [,,] [Thread-7] WARN  c.a.nacos.common.notify.NotifyCenter - [shutdown,136] - [NotifyCenter] Start destroying Publisher
2025-09-21 13:43:09.650 [,,] [Thread-1] WARN  c.a.n.c.http.HttpClientBeanHolder - [shutdown,102] - [HttpClientBeanHolder] Start destroying common HttpClient
2025-09-21 13:43:09.650 [,,] [Thread-7] WARN  c.a.nacos.common.notify.NotifyCenter - [shutdown,153] - [NotifyCenter] Destruction of the end
2025-09-21 13:43:09.651 [,,] [Thread-1] WARN  c.a.n.c.http.HttpClientBeanHolder - [shutdown,111] - [HttpClientBeanHolder] Destruction of the end
2025-09-21 13:43:49.501 [,,] [main] WARN  c.a.n.client.logging.NacosLogging - [loadConfiguration,64] - Load Logback Configuration of Nacos fail, message: Could not initialize Logback Nacos logging from classpath:nacos-logback.xml
2025-09-21 13:43:49.508 [,,] [background-preinit] INFO  o.h.validator.internal.util.Version - [<clinit>,21] - HV000001: Hibernate Validator 8.0.1.Final
2025-09-21 13:43:49.545 [,,] [main] WARN  c.a.n.client.logging.NacosLogging - [loadConfiguration,64] - Load Logback Configuration of Nacos fail, message: Could not initialize Logback Nacos logging from classpath:nacos-logback.xml
2025-09-21 13:43:49.706 [,,] [main] WARN  c.a.n.client.logging.NacosLogging - [loadConfiguration,64] - Load Logback Configuration of Nacos fail, message: Could not initialize Logback Nacos logging from classpath:nacos-logback.xml
2025-09-21 13:43:49.707 [,,] [main] INFO  c.a.nacos.client.utils.ParamUtil - [<clinit>,87] - [settings] [req-serv] nacos-server port:8848
2025-09-21 13:43:49.708 [,,] [main] INFO  c.a.nacos.client.utils.ParamUtil - [<clinit>,98] - [settings] [http-client] connect timeout:1000
2025-09-21 13:43:49.708 [,,] [main] INFO  c.a.nacos.client.utils.ParamUtil - [<clinit>,105] - PER_TASK_CONFIG_SIZE: 3000.0
2025-09-21 13:43:49.727 [,,] [main] INFO  c.a.n.p.a.s.c.ClientAuthPluginManager - [init,56] - [ClientAuthPluginManager] Load ClientAuthService com.alibaba.nacos.client.auth.impl.NacosClientAuthServiceImpl success.
2025-09-21 13:43:49.727 [,,] [main] INFO  c.a.n.p.a.s.c.ClientAuthPluginManager - [init,56] - [ClientAuthPluginManager] Load ClientAuthService com.alibaba.nacos.client.auth.ram.RamClientAuthServiceImpl success.
2025-09-21 13:43:49.732 [,,] [main] INFO  c.a.n.c.a.r.i.CredentialWatcher - [loadCredential,165] - null No credential found
2025-09-21 13:43:49.843 [,,] [main] WARN  c.a.n.client.logging.NacosLogging - [loadConfiguration,64] - Load Logback Configuration of Nacos fail, message: Could not initialize Logback Nacos logging from classpath:nacos-logback.xml
2025-09-21 13:43:49.852 [,,] [main] INFO  c.a.n.c.c.i.LocalConfigInfoProcessor - [<clinit>,63] - LOCAL_SNAPSHOT_PATH:C:\Users\Administrator\nacos\config
2025-09-21 13:43:49.855 [,,] [main] INFO  c.alibaba.nacos.common.remote.client - [lambda$createClient$0,108] - [RpcClientFactory] create a new rpc client of 81946ba0-36b2-4663-93c9-21a1d65bacd4_config-0
2025-09-21 13:43:49.866 [,,] [main] INFO  c.alibaba.nacos.common.remote.client - [printIfInfoEnabled,63] - [81946ba0-36b2-4663-93c9-21a1d65bacd4_config-0] Register server push request handler:com.alibaba.nacos.client.config.impl.ClientWorker$ConfigRpcTransportClient$$Lambda$586/0x00000270053a4f38
2025-09-21 13:43:49.866 [,,] [main] INFO  c.alibaba.nacos.common.remote.client - [printIfInfoEnabled,63] - [81946ba0-36b2-4663-93c9-21a1d65bacd4_config-0] Register server push request handler:com.alibaba.nacos.client.config.impl.ClientWorker$ConfigRpcTransportClient$$Lambda$587/0x00000270053a5358
2025-09-21 13:43:49.867 [,,] [main] INFO  c.alibaba.nacos.common.remote.client - [printIfInfoEnabled,63] - [81946ba0-36b2-4663-93c9-21a1d65bacd4_config-0] Registry connection listener to current client:com.alibaba.nacos.client.config.impl.ClientWorker$ConfigRpcTransportClient$1
2025-09-21 13:43:49.867 [,,] [main] INFO  c.alibaba.nacos.common.remote.client - [printIfInfoEnabled,63] - [81946ba0-36b2-4663-93c9-21a1d65bacd4_config-0] RpcClient init, ServerListFactory = com.alibaba.nacos.client.config.impl.ClientWorker$ConfigRpcTransportClient$2
2025-09-21 13:43:49.872 [,,] [main] INFO  c.alibaba.nacos.common.remote.client - [printIfInfoEnabled,63] - [81946ba0-36b2-4663-93c9-21a1d65bacd4_config-0] Try to connect to server on start up, server: {serverIp = 'localhost', server main port = 8848}
2025-09-21 13:43:49.896 [,,] [main] INFO  c.a.n.c.r.client.grpc.GrpcClient - [createNewManagedChannel,182] - grpc client connection server:localhost ip,serverPort:9848,grpcTslConfig:{"sslProvider":"OPENSSL","enableTls":false,"mutualAuthEnable":false,"trustAll":false}
2025-09-21 13:43:50.406 [,,] [main] INFO  c.alibaba.nacos.common.remote.client - [printIfInfoEnabled,63] - [81946ba0-36b2-4663-93c9-21a1d65bacd4_config-0] Success to connect to server [localhost:8848] on start up, connectionId = 1758433430238_127.0.0.1_64744
2025-09-21 13:43:50.407 [,,] [com.alibaba.nacos.client.remote.worker] INFO  c.alibaba.nacos.common.remote.client - [printIfInfoEnabled,63] - [81946ba0-36b2-4663-93c9-21a1d65bacd4_config-0] Notify connected event to listeners.
2025-09-21 13:43:50.407 [,,] [com.alibaba.nacos.client.remote.worker] INFO  c.a.n.c.config.impl.ClientWorker - [onConnected,639] - [81946ba0-36b2-4663-93c9-21a1d65bacd4_config-0] Connected,notify listen context...
2025-09-21 13:43:50.407 [,,] [main] INFO  c.alibaba.nacos.common.remote.client - [printIfInfoEnabled,63] - [81946ba0-36b2-4663-93c9-21a1d65bacd4_config-0] Register server push request handler:com.alibaba.nacos.common.remote.client.RpcClient$ConnectResetRequestHandler
2025-09-21 13:43:50.407 [,,] [main] INFO  c.alibaba.nacos.common.remote.client - [printIfInfoEnabled,63] - [81946ba0-36b2-4663-93c9-21a1d65bacd4_config-0] Register server push request handler:com.alibaba.nacos.common.remote.client.RpcClient$$Lambda$607/0x000002700552b2e8
2025-09-21 13:43:50.433 [,,] [main] INFO  c.a.nacos.client.config.impl.Limiter - [<clinit>,62] - limitTime:5.0
2025-09-21 13:43:50.444 [,,] [main] WARN  c.a.c.n.c.NacosPropertySourceBuilder - [loadNacosData,87] - Ignore the empty nacos configuration and get it based on dataId[gruul-mall-gateway] & group[DEFAULT_GROUP]
2025-09-21 13:43:50.449 [,,] [main] WARN  c.a.c.n.c.NacosPropertySourceBuilder - [loadNacosData,87] - Ignore the empty nacos configuration and get it based on dataId[gruul-mall-gateway.yml] & group[DEFAULT_GROUP]
2025-09-21 13:43:50.453 [,,] [main] WARN  c.a.c.n.c.NacosPropertySourceBuilder - [loadNacosData,87] - Ignore the empty nacos configuration and get it based on dataId[gruul-mall-gateway-dev.yml] & group[DEFAULT_GROUP]
2025-09-21 13:43:50.454 [,,] [main] INFO  o.s.c.b.c.PropertySourceBootstrapConfiguration - [doInitialize,134] - Located property source: [BootstrapPropertySource {name='bootstrapProperties-gruul-mall-gateway-dev.yml,DEFAULT_GROUP'}, BootstrapPropertySource {name='bootstrapProperties-gruul-mall-gateway.yml,DEFAULT_GROUP'}, BootstrapPropertySource {name='bootstrapProperties-gruul-mall-gateway,DEFAULT_GROUP'}]
2025-09-21 13:43:50.457 [,,] [main] WARN  c.a.n.client.logging.NacosLogging - [loadConfiguration,64] - Load Logback Configuration of Nacos fail, message: Could not initialize Logback Nacos logging from classpath:nacos-logback.xml
2025-09-21 13:43:50.458 [,,] [main] INFO  c.m.g.m.s.gateway.GatewayApplication - [logStartupProfileInfo,644] - The following 1 profile is active: "dev"
2025-09-21 13:43:50.843 [,,] [main] INFO  o.s.cloud.context.scope.GenericScope - [setSerializationId,282] - BeanFactory id=fd27488e-028e-3c19-b748-1858a113ce04
2025-09-21 13:43:50.972 [,,] [main] INFO  o.s.c.s.PostProcessorRegistrationDelegate$BeanPostProcessorChecker - [postProcessAfterInitialization,409] - Bean 'org.springframework.cloud.client.loadbalancer.reactive.LoadBalancerBeanPostProcessorAutoConfiguration' of type [org.springframework.cloud.client.loadbalancer.reactive.LoadBalancerBeanPostProcessorAutoConfiguration] is not eligible for getting processed by all BeanPostProcessors (for example: not eligible for auto-proxying)
2025-09-21 13:43:50.973 [,,] [main] INFO  o.s.c.s.PostProcessorRegistrationDelegate$BeanPostProcessorChecker - [postProcessAfterInitialization,409] - Bean 'org.springframework.cloud.client.loadbalancer.reactive.LoadBalancerBeanPostProcessorAutoConfiguration$ReactorDeferringLoadBalancerFilterConfig' of type [org.springframework.cloud.client.loadbalancer.reactive.LoadBalancerBeanPostProcessorAutoConfiguration$ReactorDeferringLoadBalancerFilterConfig] is not eligible for getting processed by all BeanPostProcessors (for example: not eligible for auto-proxying)
2025-09-21 13:43:50.974 [,,] [main] INFO  o.s.c.s.PostProcessorRegistrationDelegate$BeanPostProcessorChecker - [postProcessAfterInitialization,409] - Bean 'reactorDeferringLoadBalancerExchangeFilterFunction' of type [org.springframework.cloud.client.loadbalancer.reactive.DeferringLoadBalancerExchangeFilterFunction] is not eligible for getting processed by all BeanPostProcessors (for example: not eligible for auto-proxying)
2025-09-21 13:43:51.567 [,,] [main] INFO  o.s.c.g.r.RouteDefinitionRouteLocator - [lambda$initFactories$1,89] - Loaded RoutePredicateFactory [After]
2025-09-21 13:43:51.568 [,,] [main] INFO  o.s.c.g.r.RouteDefinitionRouteLocator - [lambda$initFactories$1,89] - Loaded RoutePredicateFactory [Before]
2025-09-21 13:43:51.568 [,,] [main] INFO  o.s.c.g.r.RouteDefinitionRouteLocator - [lambda$initFactories$1,89] - Loaded RoutePredicateFactory [Between]
2025-09-21 13:43:51.568 [,,] [main] INFO  o.s.c.g.r.RouteDefinitionRouteLocator - [lambda$initFactories$1,89] - Loaded RoutePredicateFactory [Cookie]
2025-09-21 13:43:51.568 [,,] [main] INFO  o.s.c.g.r.RouteDefinitionRouteLocator - [lambda$initFactories$1,89] - Loaded RoutePredicateFactory [Header]
2025-09-21 13:43:51.568 [,,] [main] INFO  o.s.c.g.r.RouteDefinitionRouteLocator - [lambda$initFactories$1,89] - Loaded RoutePredicateFactory [Host]
2025-09-21 13:43:51.568 [,,] [main] INFO  o.s.c.g.r.RouteDefinitionRouteLocator - [lambda$initFactories$1,89] - Loaded RoutePredicateFactory [Method]
2025-09-21 13:43:51.568 [,,] [main] INFO  o.s.c.g.r.RouteDefinitionRouteLocator - [lambda$initFactories$1,89] - Loaded RoutePredicateFactory [Path]
2025-09-21 13:43:51.568 [,,] [main] INFO  o.s.c.g.r.RouteDefinitionRouteLocator - [lambda$initFactories$1,89] - Loaded RoutePredicateFactory [Query]
2025-09-21 13:43:51.568 [,,] [main] INFO  o.s.c.g.r.RouteDefinitionRouteLocator - [lambda$initFactories$1,89] - Loaded RoutePredicateFactory [ReadBody]
2025-09-21 13:43:51.568 [,,] [main] INFO  o.s.c.g.r.RouteDefinitionRouteLocator - [lambda$initFactories$1,89] - Loaded RoutePredicateFactory [RemoteAddr]
2025-09-21 13:43:51.568 [,,] [main] INFO  o.s.c.g.r.RouteDefinitionRouteLocator - [lambda$initFactories$1,89] - Loaded RoutePredicateFactory [XForwardedRemoteAddr]
2025-09-21 13:43:51.568 [,,] [main] INFO  o.s.c.g.r.RouteDefinitionRouteLocator - [lambda$initFactories$1,89] - Loaded RoutePredicateFactory [Weight]
2025-09-21 13:43:51.568 [,,] [main] INFO  o.s.c.g.r.RouteDefinitionRouteLocator - [lambda$initFactories$1,89] - Loaded RoutePredicateFactory [CloudFoundryRouteService]
2025-09-21 13:43:51.580 [,,] [main] INFO  c.a.c.s.g.s.SentinelSCGAutoConfiguration - [sentinelGatewayFilter,143] - [Sentinel SpringCloudGateway] register SentinelGatewayFilter with order: -2147483648
2025-09-21 13:43:51.657 [,,] [main] INFO  c.a.c.s.g.s.SentinelSCGAutoConfiguration - [sentinelGatewayBlockExceptionHandler,133] - [Sentinel SpringCloudGateway] register SentinelGatewayBlockExceptionHandler
2025-09-21 13:43:51.854 [,,] [main] INFO  o.s.b.w.e.netty.NettyWebServer - [start,111] - Netty started on port 9999
2025-09-21 13:43:51.988 [,,] [main] INFO  com.alibaba.nacos.client.naming - [initNamespaceForNaming,62] - initializer namespace from ans.namespace attribute : null
2025-09-21 13:43:51.988 [,,] [main] INFO  com.alibaba.nacos.client.naming - [lambda$initNamespaceForNaming$0,66] - initializer namespace from ALIBABA_ALIWARE_NAMESPACE attribute :null
2025-09-21 13:43:51.989 [,,] [main] INFO  com.alibaba.nacos.client.naming - [lambda$initNamespaceForNaming$1,73] - initializer namespace from namespace attribute :null
2025-09-21 13:43:51.996 [,,] [main] INFO  c.a.n.p.a.s.c.ClientAuthPluginManager - [init,56] - [ClientAuthPluginManager] Load ClientAuthService com.alibaba.nacos.client.auth.impl.NacosClientAuthServiceImpl success.
2025-09-21 13:43:51.996 [,,] [main] INFO  c.a.n.p.a.s.c.ClientAuthPluginManager - [init,56] - [ClientAuthPluginManager] Load ClientAuthService com.alibaba.nacos.client.auth.ram.RamClientAuthServiceImpl success.
2025-09-21 13:43:52.000 [,,] [main] INFO  c.alibaba.nacos.common.remote.client - [lambda$createClient$0,108] - [RpcClientFactory] create a new rpc client of fb9ad56b-e299-49ee-b4cd-eb98c3736871
2025-09-21 13:43:52.001 [,,] [main] INFO  c.alibaba.nacos.common.remote.client - [printIfInfoEnabled,63] - [fb9ad56b-e299-49ee-b4cd-eb98c3736871] RpcClient init, ServerListFactory = com.alibaba.nacos.client.naming.core.ServerListManager
2025-09-21 13:43:52.002 [,,] [main] INFO  c.alibaba.nacos.common.remote.client - [printIfInfoEnabled,63] - [fb9ad56b-e299-49ee-b4cd-eb98c3736871] Registry connection listener to current client:com.alibaba.nacos.client.naming.remote.gprc.redo.NamingGrpcRedoService
2025-09-21 13:43:52.003 [,,] [main] INFO  c.alibaba.nacos.common.remote.client - [printIfInfoEnabled,63] - [fb9ad56b-e299-49ee-b4cd-eb98c3736871] Register server push request handler:com.alibaba.nacos.client.naming.remote.gprc.NamingPushRequestHandler
2025-09-21 13:43:52.004 [,,] [main] INFO  c.alibaba.nacos.common.remote.client - [printIfInfoEnabled,63] - [fb9ad56b-e299-49ee-b4cd-eb98c3736871] Try to connect to server on start up, server: {serverIp = 'localhost', server main port = 8848}
2025-09-21 13:43:52.004 [,,] [main] INFO  c.a.n.c.r.client.grpc.GrpcClient - [createNewManagedChannel,182] - grpc client connection server:localhost ip,serverPort:9848,grpcTslConfig:{"sslProvider":"OPENSSL","enableTls":false,"mutualAuthEnable":false,"trustAll":false}
2025-09-21 13:43:52.127 [,,] [main] INFO  c.alibaba.nacos.common.remote.client - [printIfInfoEnabled,63] - [fb9ad56b-e299-49ee-b4cd-eb98c3736871] Success to connect to server [localhost:8848] on start up, connectionId = 1758433432008_127.0.0.1_64745
2025-09-21 13:43:52.127 [,,] [main] INFO  c.alibaba.nacos.common.remote.client - [printIfInfoEnabled,63] - [fb9ad56b-e299-49ee-b4cd-eb98c3736871] Register server push request handler:com.alibaba.nacos.common.remote.client.RpcClient$ConnectResetRequestHandler
2025-09-21 13:43:52.127 [,,] [main] INFO  c.alibaba.nacos.common.remote.client - [printIfInfoEnabled,63] - [fb9ad56b-e299-49ee-b4cd-eb98c3736871] Register server push request handler:com.alibaba.nacos.common.remote.client.RpcClient$$Lambda$607/0x000002700552b2e8
2025-09-21 13:43:52.127 [,,] [com.alibaba.nacos.client.remote.worker] INFO  c.alibaba.nacos.common.remote.client - [printIfInfoEnabled,63] - [fb9ad56b-e299-49ee-b4cd-eb98c3736871] Notify connected event to listeners.
2025-09-21 13:43:52.128 [,,] [com.alibaba.nacos.client.remote.worker] INFO  com.alibaba.nacos.client.naming - [onConnected,78] - Grpc connection connect
2025-09-21 13:43:52.129 [,,] [main] INFO  com.alibaba.nacos.client.naming - [registerService,121] - [REGISTER-SERVICE] dev registering service gruul-mall-gateway with instance Instance{instanceId='null', ip='localhost', port=9999, weight=1.0, healthy=true, enabled=true, ephemeral=true, clusterName='DEFAULT', serviceName='null', metadata={preserved.register.source=SPRING_CLOUD}}
2025-09-21 13:43:52.162 [,,] [main] INFO  c.a.c.n.r.NacosServiceRegistry - [register,76] - nacos registry, DEFAULT_GROUP gruul-mall-gateway localhost:9999 register finished
2025-09-21 13:43:52.207 [,,] [boundedElastic-4] INFO  com.alibaba.nacos.client.naming - [subscribe,167] - [SUBSCRIBE-SERVICE] service:gruul-mall-gateway, group:DEFAULT_GROUP, clusters: 
2025-09-21 13:43:52.207 [,,] [boundedElastic-3] INFO  com.alibaba.nacos.client.naming - [subscribe,167] - [SUBSCRIBE-SERVICE] service:gruul-mall-gateway, group:DEFAULT_GROUP, clusters: 
2025-09-21 13:43:52.227 [,,] [boundedElastic-4] INFO  com.alibaba.nacos.client.naming - [isChangedServiceInfo,184] - init new ips(1) service: DEFAULT_GROUP@@gruul-mall-gateway -> [{"instanceId":"localhost#9999#DEFAULT#DEFAULT_GROUP@@gruul-mall-gateway","ip":"localhost","port":9999,"weight":1.0,"healthy":true,"enabled":true,"ephemeral":true,"clusterName":"DEFAULT","serviceName":"DEFAULT_GROUP@@gruul-mall-gateway","metadata":{"preserved.register.source":"SPRING_CLOUD"},"instanceHeartBeatTimeOut":15000,"instanceHeartBeatInterval":5000,"ipDeleteTimeout":30000}]
2025-09-21 13:43:52.227 [,,] [boundedElastic-3] INFO  com.alibaba.nacos.client.naming - [isChangedServiceInfo,184] - init new ips(1) service: DEFAULT_GROUP@@gruul-mall-gateway -> [{"instanceId":"localhost#9999#DEFAULT#DEFAULT_GROUP@@gruul-mall-gateway","ip":"localhost","port":9999,"weight":1.0,"healthy":true,"enabled":true,"ephemeral":true,"clusterName":"DEFAULT","serviceName":"DEFAULT_GROUP@@gruul-mall-gateway","metadata":{"preserved.register.source":"SPRING_CLOUD"},"instanceHeartBeatTimeOut":15000,"instanceHeartBeatInterval":5000,"ipDeleteTimeout":30000}]
2025-09-21 13:43:52.233 [,,] [boundedElastic-4] INFO  com.alibaba.nacos.client.naming - [processServiceInfo,169] - current ips:(1) service: DEFAULT_GROUP@@gruul-mall-gateway -> [{"instanceId":"localhost#9999#DEFAULT#DEFAULT_GROUP@@gruul-mall-gateway","ip":"localhost","port":9999,"weight":1.0,"healthy":true,"enabled":true,"ephemeral":true,"clusterName":"DEFAULT","serviceName":"DEFAULT_GROUP@@gruul-mall-gateway","metadata":{"preserved.register.source":"SPRING_CLOUD"},"instanceHeartBeatTimeOut":15000,"instanceHeartBeatInterval":5000,"ipDeleteTimeout":30000}]
2025-09-21 13:43:52.233 [,,] [boundedElastic-3] INFO  com.alibaba.nacos.client.naming - [processServiceInfo,169] - current ips:(1) service: DEFAULT_GROUP@@gruul-mall-gateway -> [{"instanceId":"localhost#9999#DEFAULT#DEFAULT_GROUP@@gruul-mall-gateway","ip":"localhost","port":9999,"weight":1.0,"healthy":true,"enabled":true,"ephemeral":true,"clusterName":"DEFAULT","serviceName":"DEFAULT_GROUP@@gruul-mall-gateway","metadata":{"preserved.register.source":"SPRING_CLOUD"},"instanceHeartBeatTimeOut":15000,"instanceHeartBeatInterval":5000,"ipDeleteTimeout":30000}]
2025-09-21 13:43:52.252 [,,] [boundedElastic-4] WARN  com.alibaba.nacos.client.naming - [writeFileContent,152] - write DEFAULT_GROUP%40%40gruul-mall-gateway conflict;retry time: 1
2025-09-21 13:43:52.257 [,,] [main] INFO  c.a.c.n.d.NacosDiscoveryHeartBeatPublisher - [start,66] - Start nacos heartBeat task scheduler.
2025-09-21 13:43:52.266 [,,] [main] INFO  c.m.g.m.s.gateway.GatewayApplication - [logStarted,57] - Started GatewayApplication in 3.169 seconds (process running for 3.56)
2025-09-21 13:43:52.269 [,,] [main] INFO  c.a.n.client.config.impl.CacheData - [<clinit>,67] - nacos.cache.data.init.snapshot = true 
2025-09-21 13:43:52.269 [,,] [main] INFO  c.a.n.c.config.impl.ClientWorker - [addCacheDataIfAbsent,380] - [fixed-dev-localhost_8848] [subscribe] gruul-mall-gateway.yml+DEFAULT_GROUP+dev
2025-09-21 13:43:52.270 [,,] [main] INFO  c.a.n.client.config.impl.CacheData - [addListener,197] - [fixed-dev-localhost_8848] [add-listener] ok, tenant=dev, dataId=gruul-mall-gateway.yml, group=DEFAULT_GROUP, cnt=1
2025-09-21 13:43:52.270 [,,] [main] INFO  c.a.c.n.r.NacosContextRefresher - [registerNacosListener,129] - [Nacos Config] Listening config: dataId=gruul-mall-gateway.yml, group=DEFAULT_GROUP
2025-09-21 13:43:52.270 [,,] [main] INFO  c.a.n.c.config.impl.ClientWorker - [addCacheDataIfAbsent,380] - [fixed-dev-localhost_8848] [subscribe] gruul-mall-gateway-dev.yml+DEFAULT_GROUP+dev
2025-09-21 13:43:52.270 [,,] [main] INFO  c.a.n.client.config.impl.CacheData - [addListener,197] - [fixed-dev-localhost_8848] [add-listener] ok, tenant=dev, dataId=gruul-mall-gateway-dev.yml, group=DEFAULT_GROUP, cnt=1
2025-09-21 13:43:52.270 [,,] [main] INFO  c.a.c.n.r.NacosContextRefresher - [registerNacosListener,129] - [Nacos Config] Listening config: dataId=gruul-mall-gateway-dev.yml, group=DEFAULT_GROUP
2025-09-21 13:43:52.270 [,,] [main] INFO  c.a.n.c.config.impl.ClientWorker - [addCacheDataIfAbsent,380] - [fixed-dev-localhost_8848] [subscribe] gruul-mall-gateway+DEFAULT_GROUP+dev
2025-09-21 13:43:52.270 [,,] [main] INFO  c.a.n.client.config.impl.CacheData - [addListener,197] - [fixed-dev-localhost_8848] [add-listener] ok, tenant=dev, dataId=gruul-mall-gateway, group=DEFAULT_GROUP, cnt=1
2025-09-21 13:43:52.270 [,,] [main] INFO  c.a.c.n.r.NacosContextRefresher - [registerNacosListener,129] - [Nacos Config] Listening config: dataId=gruul-mall-gateway, group=DEFAULT_GROUP
2025-09-21 13:43:52.746 [,,] [nacos-grpc-client-executor-localhost-16] INFO  c.alibaba.nacos.common.remote.client - [printIfInfoEnabled,63] - [fb9ad56b-e299-49ee-b4cd-eb98c3736871] Receive server push request, request = NotifySubscriberRequest, requestId = 1
2025-09-21 13:43:52.746 [,,] [nacos-grpc-client-executor-localhost-16] INFO  c.alibaba.nacos.common.remote.client - [printIfInfoEnabled,63] - [fb9ad56b-e299-49ee-b4cd-eb98c3736871] Ack server push request, request = NotifySubscriberRequest, requestId = 1
2025-09-21 13:57:21.359 [,,] [Thread-1] WARN  c.a.n.c.http.HttpClientBeanHolder - [shutdown,102] - [HttpClientBeanHolder] Start destroying common HttpClient
2025-09-21 13:57:21.360 [,,] [Thread-1] WARN  c.a.n.c.http.HttpClientBeanHolder - [shutdown,111] - [HttpClientBeanHolder] Destruction of the end
2025-09-21 13:57:21.360 [,,] [Thread-7] WARN  c.a.nacos.common.notify.NotifyCenter - [shutdown,136] - [NotifyCenter] Start destroying Publisher
2025-09-21 13:57:21.361 [,,] [Thread-7] WARN  c.a.nacos.common.notify.NotifyCenter - [shutdown,153] - [NotifyCenter] Destruction of the end
2025-09-21 13:57:21.366 [,,] [SpringApplicationShutdownHook] INFO  c.a.c.n.r.NacosServiceRegistry - [deregister,95] - De-registering from Nacos Server now...
2025-09-21 13:57:21.367 [,,] [SpringApplicationShutdownHook] INFO  com.alibaba.nacos.client.naming - [deregisterService,217] - [DEREGISTER-SERVICE] dev deregistering service gruul-mall-gateway with instance: Instance{instanceId='null', ip='localhost', port=9999, weight=1.0, healthy=true, enabled=true, ephemeral=true, clusterName='DEFAULT', serviceName='null', metadata={}}
2025-09-21 13:57:21.370 [,,] [SpringApplicationShutdownHook] INFO  c.a.c.n.r.NacosServiceRegistry - [deregister,115] - De-registration finished.
2025-09-21 13:57:21.371 [,,] [SpringApplicationShutdownHook] INFO  com.alibaba.nacos.client.naming - [shutdown,256] - com.alibaba.nacos.client.naming.cache.ServiceInfoHolder do shutdown begin
2025-09-21 13:57:21.371 [,,] [SpringApplicationShutdownHook] INFO  com.alibaba.nacos.client.naming - [shutdown,136] - com.alibaba.nacos.client.naming.backups.FailoverReactor do shutdown begin
2025-09-21 13:57:21.371 [,,] [SpringApplicationShutdownHook] INFO  com.alibaba.nacos.client.naming - [shutdown,138] - com.alibaba.nacos.client.naming.backups.FailoverReactor do shutdown stop
2025-09-21 13:57:21.371 [,,] [SpringApplicationShutdownHook] INFO  com.alibaba.nacos.client.naming - [shutdown,258] - com.alibaba.nacos.client.naming.cache.ServiceInfoHolder do shutdown stop
2025-09-21 13:57:21.371 [,,] [SpringApplicationShutdownHook] INFO  com.alibaba.nacos.client.naming - [shutdown,204] - com.alibaba.nacos.client.naming.remote.NamingClientProxyDelegate do shutdown begin
2025-09-21 13:57:21.372 [,,] [SpringApplicationShutdownHook] INFO  com.alibaba.nacos.client.naming - [shutdown,143] - com.alibaba.nacos.client.naming.core.ServiceInfoUpdateService do shutdown begin
2025-09-21 13:57:21.372 [,,] [SpringApplicationShutdownHook] INFO  com.alibaba.nacos.client.naming - [shutdown,145] - com.alibaba.nacos.client.naming.core.ServiceInfoUpdateService do shutdown stop
2025-09-21 13:57:21.372 [,,] [SpringApplicationShutdownHook] INFO  com.alibaba.nacos.client.naming - [shutdown,194] - com.alibaba.nacos.client.naming.core.ServerListManager do shutdown begin
2025-09-21 13:57:21.372 [,,] [SpringApplicationShutdownHook] WARN  com.alibaba.nacos.client.naming - [shutdown,74] - [NamingHttpClientManager] Start destroying NacosRestTemplate
2025-09-21 13:57:21.372 [,,] [SpringApplicationShutdownHook] WARN  com.alibaba.nacos.client.naming - [shutdown,81] - [NamingHttpClientManager] Destruction of the end
2025-09-21 13:57:21.373 [,,] [SpringApplicationShutdownHook] INFO  com.alibaba.nacos.client.naming - [shutdown,199] - com.alibaba.nacos.client.naming.core.ServerListManager do shutdown stop
2025-09-21 13:57:21.373 [,,] [SpringApplicationShutdownHook] INFO  com.alibaba.nacos.client.naming - [shutdown,484] - com.alibaba.nacos.client.naming.remote.http.NamingHttpClientProxy do shutdown begin
2025-09-21 13:57:21.373 [,,] [SpringApplicationShutdownHook] WARN  com.alibaba.nacos.client.naming - [shutdown,74] - [NamingHttpClientManager] Start destroying NacosRestTemplate
2025-09-21 13:57:21.373 [,,] [SpringApplicationShutdownHook] WARN  com.alibaba.nacos.client.naming - [shutdown,81] - [NamingHttpClientManager] Destruction of the end
2025-09-21 13:57:21.373 [,,] [SpringApplicationShutdownHook] INFO  com.alibaba.nacos.client.naming - [shutdown,486] - com.alibaba.nacos.client.naming.remote.http.NamingHttpClientProxy do shutdown stop
2025-09-21 13:57:21.373 [,,] [SpringApplicationShutdownHook] INFO  c.alibaba.nacos.common.remote.client - [shutdown,429] - Shutdown rpc client, set status to shutdown
2025-09-21 13:57:21.373 [,,] [SpringApplicationShutdownHook] INFO  c.alibaba.nacos.common.remote.client - [shutdown,431] - Shutdown client event executor java.util.concurrent.ScheduledThreadPoolExecutor@7acd5bea[Running, pool size = 2, active threads = 2, queued tasks = 0, completed tasks = 0]
2025-09-21 13:57:21.373 [,,] [SpringApplicationShutdownHook] INFO  c.alibaba.nacos.common.remote.client - [closeConnection,584] - Close current connection 1758433432008_127.0.0.1_64745
2025-09-21 13:57:21.374 [,,] [nacos-grpc-client-executor-localhost-181] INFO  c.a.n.c.r.client.grpc.GrpcClient - [printIfInfoEnabled,63] - [1758433432008_127.0.0.1_64745]Ignore complete event,isRunning:false,isAbandon=false
2025-09-21 13:57:21.377 [,,] [SpringApplicationShutdownHook] INFO  c.a.n.c.r.client.grpc.GrpcClient - [shutdown,159] - Shutdown grpc executor java.util.concurrent.ThreadPoolExecutor@3d480e63[Running, pool size = 4, active threads = 0, queued tasks = 0, completed tasks = 182]
2025-09-21 13:57:21.377 [,,] [SpringApplicationShutdownHook] INFO  com.alibaba.nacos.client.naming - [shutdown,318] - Shutdown grpc redo service executor java.util.concurrent.ScheduledThreadPoolExecutor@6ca831e5[Running, pool size = 1, active threads = 0, queued tasks = 1, completed tasks = 269]
2025-09-21 13:57:21.377 [,,] [SpringApplicationShutdownHook] INFO  c.a.n.c.a.r.i.CredentialWatcher - [stop,106] - [null] CredentialWatcher is stopped
2025-09-21 13:57:21.378 [,,] [SpringApplicationShutdownHook] INFO  c.a.n.c.a.r.i.CredentialService - [free,100] - [null] CredentialService is freed
2025-09-21 13:57:21.378 [,,] [SpringApplicationShutdownHook] INFO  com.alibaba.nacos.client.naming - [shutdown,211] - com.alibaba.nacos.client.naming.remote.NamingClientProxyDelegate do shutdown stop
